<?xml version="1.0" encoding="UTF-8"?>
<!-- Generated by org.testng.reporters.JUnitReportReporter -->
<testsuite hostname="KVM469-" failures="0" tests="1" name="restapiautomation.testcase.apitest" time="2.815" errors="0" timestamp="18 Jun 2019 18:59:59 GMT" skipped="0">
  <testcase classname="restapiautomation.testcase.apitest" name="checkAPI" time="2.815"/>
</testsuite> <!-- restapiautomation.testcase.apitest -->
