<?xml version="1.0" encoding="UTF-8"?>
<!-- Generated by org.testng.reporters.JUnitReportReporter -->
<testsuite hostname="KVM469-" failures="0" tests="2" name="revision.collectiontopics.Tabhandlingrev" time="49.676" errors="0" timestamp="19 Jun 2019 18:14:12 GMT" skipped="0">
  <testcase classname="revision.collectiontopics.Tabhandlingrev" name="tabhandling" time="4.028"/>
  <testcase classname="revision.collectiontopics.Tabhandlingrev" name="gettabdata" time="45.648"/>
</testsuite> <!-- revision.collectiontopics.Tabhandlingrev -->
