<?xml version="1.0" encoding="UTF-8"?>
<!-- Generated by org.testng.reporters.JUnitReportReporter -->
<testsuite hostname="KVM469-" failures="0" tests="1" name="revision.collectiontopics.jobserverev" time="48.319" errors="0" timestamp="08 May 2019 11:06:03 GMT" skipped="0">
  <testcase classname="revision.collectiontopics.jobserverev" name="action" time="48.319"/>
</testsuite> <!-- revision.collectiontopics.jobserverev -->
