<?xml version="1.0" encoding="UTF-8"?>
<!-- Generated by org.testng.reporters.JUnitReportReporter -->
<testsuite hostname="KVM469-" failures="0" tests="5" name="revision.collectiontopics.exceltestingrev" time="59.636" errors="0" timestamp="17 May 2019 18:35:51 GMT" skipped="0">
  <testcase classname="revision.collectiontopics.exceltestingrev" name="scrollintoview" time="16.254"/>
  <testcase classname="revision.collectiontopics.exceltestingrev" name="excelfilecreation" time="1.604"/>
  <testcase classname="revision.collectiontopics.exceltestingrev" name="fromfile" time="0.301"/>
  <testcase classname="revision.collectiontopics.exceltestingrev" name="Expwait" time="25.095"/>
  <testcase classname="revision.collectiontopics.exceltestingrev" name="hiddentesting" time="16.382"/>
</testsuite> <!-- revision.collectiontopics.exceltestingrev -->
