<?xml version="1.0" encoding="UTF-8"?>
<!-- Generated by org.testng.reporters.JUnitReportReporter -->
<testsuite hostname="KVM469-" failures="0" tests="1" name="revision.collectiontopics.google" time="41.211" errors="0" timestamp="10 Jun 2019 20:04:08 GMT" skipped="0">
  <testcase classname="revision.collectiontopics.google" name="Test" time="41.211"/>
</testsuite> <!-- revision.collectiontopics.google -->
