<?xml version="1.0" encoding="UTF-8"?>
<!-- Generated by org.testng.reporters.JUnitReportReporter -->
<testsuite hostname="KVM469-" failures="0" tests="2" name="revision.collectiontopics.stringrevone" time="73.042" errors="0" timestamp="25 Jul 2019 19:09:00 GMT" skipped="0">
  <testcase classname="revision.collectiontopics.stringrevone" name="excelling" time="2.335"/>
  <testcase classname="revision.collectiontopics.stringrevone" name="googlelinks" time="70.707"/>
</testsuite> <!-- revision.collectiontopics.stringrevone -->
