<?xml version="1.0" encoding="UTF-8"?>
<!-- Generated by org.testng.reporters.JUnitReportReporter -->
<testsuite hostname="KVM469-" failures="0" tests="1" name="revision.collectiontopics.pmptravels" time="0.036" errors="0" timestamp="07 Aug 2019 16:40:24 GMT" skipped="0">
  <testcase classname="revision.collectiontopics.pmptravels" name="test2darray" time="0.036"/>
</testsuite> <!-- revision.collectiontopics.pmptravels -->
