<?xml version="1.0" encoding="UTF-8"?>
<!-- Generated by org.testng.reporters.JUnitReportReporter -->
<testsuite hostname="KVM469-" failures="0" tests="2" name="testng.pomnopcom.NOPCommTc" time="39.995" errors="0" timestamp="13 Apr 2019 05:40:40 GMT" skipped="0">
  <testcase classname="testng.pomnopcom.NOPCommTc" name="RegTC" time="30.743"/>
  <testcase classname="testng.pomnopcom.NOPCommTc" name="LoginTC" time="9.252"/>
</testsuite> <!-- testng.pomnopcom.NOPCommTc -->
