<?xml version="1.0" encoding="UTF-8"?>
<!-- Generated by org.testng.reporters.JUnitReportReporter -->
<testsuite hostname="KVM469-" failures="0" tests="1" name="testng.poi_1.NOPCommTc" time="24.833" errors="0" timestamp="09 Apr 2019 16:40:14 GMT" skipped="0">
  <testcase classname="testng.poi_1.NOPCommTc" name="RegTC" time="24.833"/>
</testsuite> <!-- testng.poi_1.NOPCommTc -->
