<?xml version="1.0" encoding="UTF-8"?>
<!-- Generated by org.testng.reporters.JUnitReportReporter -->
<testsuite hostname="KVM469-" failures="0" tests="1" name="revision.collectiontopics.authcerts" time="32.984" errors="0" timestamp="20 May 2019 20:40:16 GMT" skipped="0">
  <testcase classname="revision.collectiontopics.authcerts" name="testingAuth" time="32.984"/>
</testsuite> <!-- revision.collectiontopics.authcerts -->
