<?xml version="1.0" encoding="UTF-8"?>
<!-- Generated by org.testng.reporters.JUnitReportReporter -->
<testsuite hostname="KVM469-" failures="0" tests="3" name="revision.collectiontopics.POMrevdemo.testcases.RevTC" time="19.064" errors="0" timestamp="27 May 2019 16:57:20 GMT" skipped="0">
  <testcase classname="revision.collectiontopics.POMrevdemo.testcases.RevTC" name="EntDemo" time="10.150"/>
  <testcase classname="revision.collectiontopics.POMrevdemo.testcases.RevTC" name="demotest" time="0.003"/>
  <testcase classname="revision.collectiontopics.POMrevdemo.testcases.RevTC" name="prod" time="8.911"/>
</testsuite> <!-- revision.collectiontopics.POMrevdemo.testcases.RevTC -->
