<?xml version="1.0" encoding="UTF-8"?>
<!-- Generated by org.testng.reporters.JUnitReportReporter -->
<testsuite hostname="KVM469-" failures="0" tests="4" name="testng.naveendataproviderdemo" time="20.575" errors="0" timestamp="19 Apr 2019 20:33:42 GMT" skipped="0">
  <testcase classname="testng.naveendataproviderdemo" name="dataParse" time="3.558"/>
  <testcase classname="testng.naveendataproviderdemo" name="dataParse" time="4.088"/>
  <testcase classname="testng.naveendataproviderdemo" name="dataParse" time="6.182"/>
  <testcase classname="testng.naveendataproviderdemo" name="dataParse" time="6.747"/>
</testsuite> <!-- testng.naveendataproviderdemo -->
