<?xml version="1.0" encoding="UTF-8"?>
<!-- Generated by org.testng.reporters.JUnitReportReporter -->
<testsuite hostname="KVM469-" failures="0" tests="1" name="testng.Thanos" time="87.021" errors="0" timestamp="26 Apr 2019 20:57:30 GMT" skipped="0">
  <testcase classname="testng.Thanos" name="Endgame" time="87.021"/>
</testsuite> <!-- testng.Thanos -->
