<?xml version="1.0" encoding="UTF-8"?>
<!-- Generated by org.testng.reporters.JUnitReportReporter -->
<testsuite hostname="KVM469-" failures="0" tests="2" name="NaveenPOM.testcases.testcasedeployment" time="32.914" errors="0" timestamp="27 May 2019 20:52:41 GMT" skipped="0">
  <testcase classname="NaveenPOM.testcases.testcasedeployment" name="Login" time="9.951"/>
  <testcase classname="NaveenPOM.testcases.testcasedeployment" name="adduser" time="22.963"/>
</testsuite> <!-- NaveenPOM.testcases.testcasedeployment -->
