<?xml version="1.0" encoding="UTF-8"?>
<!-- Generated by org.testng.reporters.JUnitReportReporter -->
<testsuite hostname="KVM469-" failures="0" tests="1" name="testng.Filehandling" time="5.472" errors="0" timestamp="11 Apr 2019 12:55:12 GMT" skipped="0">
  <testcase classname="testng.Filehandling" name="f" time="5.472"/>
</testsuite> <!-- testng.Filehandling -->
