<?xml version="1.0" encoding="UTF-8"?>
<!-- Generated by org.testng.reporters.JUnitReportReporter -->
<testsuite hostname="KVM469-" failures="0" tests="4" name="testng.testngtest" time="137.722" errors="0" timestamp="18 Apr 2019 09:12:50 GMT" skipped="0">
  <testcase classname="testng.testngtest" name="openweb" time="0.125"/>
  <testcase classname="testng.testngtest" name="f" time="137.519"/>
  <testcase classname="testng.testngtest" name="pars" time="0.015"/>
  <testcase classname="testng.testngtest" name="pars" time="0.063"/>
</testsuite> <!-- testng.testngtest -->
